<?xml version="1.0" encoding="UTF-8"?>
<!-- Generated by org.testng.reporters.JUnitReportReporter -->
<testsuite skipped="1" hostname="LMS" name="pmxdPackage.LaunchPMXD" tests="4" failures="0" timestamp="24 Jul 2018 13:47:24 GMT" time="84.271" errors="0">
  <testcase name="loginRegistration" time="6.268" classname="pmxdPackage.LaunchPMXD"/>
  <testcase name="pLogin" time="21.103" classname="pmxdPackage.LaunchPMXD"/>
  <testcase name="openQA" time="56.900" classname="pmxdPackage.LaunchPMXD"/>
  <testcase name="loginPMXD" classname="pmxdPackage.LaunchPMXD">
    <skipped/>
  </testcase> <!-- loginPMXD -->
</testsuite> <!-- pmxdPackage.LaunchPMXD -->
