<?xml version="1.0" encoding="UTF-8"?>
<!-- Generated by org.testng.reporters.JUnitReportReporter -->
<testsuite skipped="1" hostname="LMS" name="pmxdPackage.LaunchPMXD" tests="4" failures="0" timestamp="25 Jul 2018 12:12:37 GMT" time="84.367" errors="0">
  <testcase name="loginRegistration" time="6.235" classname="pmxdPackage.LaunchPMXD"/>
  <testcase name="pLogin" time="21.121" classname="pmxdPackage.LaunchPMXD"/>
  <testcase name="openQA" time="57.011" classname="pmxdPackage.LaunchPMXD"/>
  <testcase name="loginPMXD" classname="pmxdPackage.LaunchPMXD">
    <skipped/>
  </testcase> <!-- loginPMXD -->
</testsuite> <!-- pmxdPackage.LaunchPMXD -->
